2017-02-26 13:20:56.3797 INFO Start
2017-02-26 13:21:08.5049 INFO Command!!!: CST|http://info.cern.ch
2017-02-26 13:21:09.0569 INFO Start to build site tree of 'http://info.cern.ch'
2017-02-26 13:21:09.2696 ERROR The operation cannot be completed because the DbContext has been disposed.
2017-02-26 13:22:13.2335 INFO Start
2017-02-26 13:22:21.8326 INFO Command!!!: P|10|1|false|http://info.cern.ch
2017-02-26 13:22:22.3302 INFO Start to parse 'http://info.cern.ch', with 10 threads, with depth = 1, foreign links = False
2017-02-26 13:22:22.6232 ERROR The operation cannot be completed because the DbContext has been disposed.
2017-02-26 13:23:55.8466 INFO Start
2017-02-26 13:24:10.9692 INFO Command!!!: P|10|1|false|http://info.cern.ch
2017-02-26 13:24:10.9692 INFO Start to parse 'http://info.cern.ch', with 10 threads, with depth = 1, foreign links = False
2017-02-26 13:26:09.2484 INFO Start
2017-02-26 13:26:15.3530 INFO Command!!!: P|10|1|false|http://info.cern.ch
2017-02-26 13:26:15.8941 INFO Start to parse 'http://info.cern.ch', with 10 threads, with depth = 1, foreign links = False
2017-02-26 13:29:36.3487 INFO Start
2017-02-26 13:29:51.4801 INFO Command!!!: CST|http://info.cern.ch
2017-02-26 13:29:51.5494 INFO Start to build site tree of 'http://info.cern.ch'
2017-02-26 13:29:51.6913 ERROR The operation cannot be completed because the DbContext has been disposed.
2017-02-26 13:30:27.0140 INFO Command!!!: P|10|1|false|http://info.cern.ch
2017-02-26 13:30:27.5116 INFO Start to parse 'http://info.cern.ch', with 10 threads, with depth = 1, foreign links = False
2017-02-26 13:40:36.3483 INFO Start
2017-02-26 13:40:50.6152 INFO Command!!!: P|10|1|false|http://info.cern.ch
2017-02-26 13:40:50.9282 INFO Start to parse 'http://info.cern.ch', with 10 threads, with depth = 1, foreign links = False
2017-02-26 13:41:58.1355 INFO Start
2017-02-26 13:42:07.1130 INFO Command!!!: P|10|1|false|http://info.cern.ch
2017-02-26 13:42:07.5378 INFO Start to parse 'http://info.cern.ch', with 10 threads, with depth = 1, foreign links = False
